-- TESTING bacen-v7 @ 2016-05-11 12:54:14
## Errors in BETSget: 
!! ERROR in BETget when code = 345: Error in if (g[i] == T) {: missing value where TRUE/FALSE needed

!! ERROR in BETget when code = 346: Error in if (g[i] == T) {: missing value where TRUE/FALSE needed

!! ERROR in BETget when code = 347: Error in if (g[i] == T) {: missing value where TRUE/FALSE needed

!! ERROR in BETget when code = 348: Error in if (g[i] == T) {: missing value where TRUE/FALSE needed

!! ERROR in BETget when code = 351: Error in if (g[i] == T) {: missing value where TRUE/FALSE needed

!! ERROR in BETget when code = 352: Error in if (g[i] == T) {: missing value where TRUE/FALSE needed

!! ERROR in BETget when code = 353: Error in if (g[i] == T) {: missing value where TRUE/FALSE needed

!! ERROR in BETget when code = 354: Error in if (g[i] == T) {: missing value where TRUE/FALSE needed

!! ERROR in BETget when code = 355: Error in if (g[i] == T) {: missing value where TRUE/FALSE needed

!! ERROR in BETget when code = 356: Error in if (g[i] == T) {: missing value where TRUE/FALSE needed

!! ERROR in BETget when code = 358: Error in if (g[i] == T) {: missing value where TRUE/FALSE needed

!! ERROR in BETget when code = 359: Error in if (g[i] == T) {: missing value where TRUE/FALSE needed

!! ERROR in BETget when code = 360: Error in if (g[i] == T) {: missing value where TRUE/FALSE needed

!! ERROR in BETget when code = 361: Error in if (g[i] == T) {: missing value where TRUE/FALSE needed

!! ERROR in BETget when code = 362: Error in if (g[i] == T) {: missing value where TRUE/FALSE needed

!! ERROR in BETget when code = 363: Error in if (g[i] == T) {: missing value where TRUE/FALSE needed

!! ERROR in BETget when code = 364: Error in if (g[i] == T) {: missing value where TRUE/FALSE needed

!! ERROR in BETget when code = 365: Error in if (g[i] == T) {: missing value where TRUE/FALSE needed

!! ERROR in BETget when code = 366: Error in if (g[i] == T) {: missing value where TRUE/FALSE needed

!! ERROR in BETget when code = 367: Error in if (g[i] == T) {: missing value where TRUE/FALSE needed

!! ERROR in BETget when code = 368: Error in if (g[i] == T) {: missing value where TRUE/FALSE needed

!! ERROR in BETget when code = 369: Error in if (g[i] == T) {: missing value where TRUE/FALSE needed

!! ERROR in BETget when code = 370: Error in if (g[i] == T) {: missing value where TRUE/FALSE needed

!! ERROR in BETget when code = 371: Error in if (g[i] == T) {: missing value where TRUE/FALSE needed

!! ERROR in BETget when code = 372: Error in if (g[i] == T) {: missing value where TRUE/FALSE needed

!! ERROR in BETget when code = 373: Error in if (g[i] == T) {: missing value where TRUE/FALSE needed

!! ERROR in BETget when code = 374: Error in if (g[i] == T) {: missing value where TRUE/FALSE needed

!! ERROR in BETget when code = 375: Error in if (g[i] == T) {: missing value where TRUE/FALSE needed

!! ERROR in BETget when code = 376: Error in if (g[i] == T) {: missing value where TRUE/FALSE needed

!! ERROR in BETget when code = 377: Error in if (g[i] == T) {: missing value where TRUE/FALSE needed

!! ERROR in BETget when code = 378: Error in if (g[i] == T) {: missing value where TRUE/FALSE needed

!! ERROR in BETget when code = 64: Error in if (start > end) stop("'start' cannot be after 'end'"): missing value where TRUE/FALSE needed

!! ERROR in BETget when code = 67: Error in if (start > end) stop("'start' cannot be after 'end'"): missing value where TRUE/FALSE needed

!! ERROR in BETget when code = 68: Error in if (start > end) stop("'start' cannot be after 'end'"): missing value where TRUE/FALSE needed

!! ERROR in BETget when code = 69: Error in if (start > end) stop("'start' cannot be after 'end'"): missing value where TRUE/FALSE needed

!! ERROR in BETget when code = 70: Error in if (start > end) stop("'start' cannot be after 'end'"): missing value where TRUE/FALSE needed

!! ERROR in BETget when code = 73: Error in if (start > end) stop("'start' cannot be after 'end'"): missing value where TRUE/FALSE needed

!! ERROR in BETget when code = 74: Error in if (start > end) stop("'start' cannot be after 'end'"): missing value where TRUE/FALSE needed

!! ERROR in BETget when code = 75: Error in if (start > end) stop("'start' cannot be after 'end'"): missing value where TRUE/FALSE needed

!! ERROR in BETget when code = 76: Error in if (start > end) stop("'start' cannot be after 'end'"): missing value where TRUE/FALSE needed

!! ERROR in BETget when code = 77: Error in if (start > end) stop("'start' cannot be after 'end'"): missing value where TRUE/FALSE needed

!! ERROR in BETget when code = 78: Error in if (start > end) stop("'start' cannot be after 'end'"): missing value where TRUE/FALSE needed

!! ERROR in BETget when code = 79: Error in if (start > end) stop("'start' cannot be after 'end'"): missing value where TRUE/FALSE needed

!! ERROR in BETget when code = 80: Error in if (start > end) stop("'start' cannot be after 'end'"): missing value where TRUE/FALSE needed

!! ERROR in BETget when code = 81: Error in if (start > end) stop("'start' cannot be after 'end'"): missing value where TRUE/FALSE needed

!! ERROR in BETget when code = 82: Error in if (start > end) stop("'start' cannot be after 'end'"): missing value where TRUE/FALSE needed

!! ERROR in BETget when code = 83: Error in ts(aux1, start <- c(start_ano, start_mes, start_day), freq = 365): 'ts' object must have one or more observations

!! ERROR in BETget when code = 84: Error in ts(aux1, start <- c(start_ano, start_mes, start_day), freq = 365): 'ts' object must have one or more observations

!! ERROR in BETget when code = 85: Error in ts(aux1, start <- c(start_ano, start_mes, start_day), freq = 365): 'ts' object must have one or more observations

!! ERROR in BETget when code = 86: Error in ts(aux1, start <- c(start_ano, start_mes, start_day), freq = 365): 'ts' object must have one or more observations

!! ERROR in BETget when code = 87: Error in ts(aux1, start <- c(start_ano, start_mes, start_day), freq = 365): 'ts' object must have one or more observations

!! ERROR in BETget when code = 88: Error in ts(aux1, start <- c(start_ano, start_mes, start_day), freq = 365): 'ts' object must have one or more observations

!! ERROR in BETget when code = 89: Error in ts(aux1, start <- c(start_ano, start_mes, start_day), freq = 365): 'ts' object must have one or more observations

!! ERROR in BETget when code = 90: Error in ts(aux1, start <- c(start_ano, start_mes, start_day), freq = 365): 'ts' object must have one or more observations

!! ERROR in BETget when code = 91: Error in ts(aux1, start <- c(start_ano, start_mes, start_day), freq = 365): 'ts' object must have one or more observations

!! ERROR in BETget when code = 92: Error in ts(aux1, start <- c(start_ano, start_mes, start_day), freq = 365): 'ts' object must have one or more observations

!! ERROR in BETget when code = 93: Error in ts(aux1, start <- c(start_ano, start_mes, start_day), freq = 365): 'ts' object must have one or more observations

!! ERROR in BETget when code = 94: Error in ts(aux1, start <- c(start_ano, start_mes, start_day), freq = 365): 'ts' object must have one or more observations

!! ERROR in BETget when code = 95: Error in ts(aux1, start <- c(start_ano, start_mes, start_day), freq = 365): 'ts' object must have one or more observations

!! ERROR in BETget when code = 96: Error in ts(aux1, start <- c(start_ano, start_mes, start_day), freq = 365): 'ts' object must have one or more observations

!! ERROR in BETget when code = 97: Error in ts(aux1, start <- c(start_ano, start_mes, start_day), freq = 365): 'ts' object must have one or more observations

!! ERROR in BETget when code = 98: Error in if (start > end) stop("'start' cannot be after 'end'"): missing value where TRUE/FALSE needed

!! ERROR in BETget when code = 99: Error in if (start > end) stop("'start' cannot be after 'end'"): missing value where TRUE/FALSE needed

!! ERROR in BETget when code = 100: Error in if (start > end) stop("'start' cannot be after 'end'"): missing value where TRUE/FALSE needed

!! ERROR in BETget when code = 101: Error in if (start > end) stop("'start' cannot be after 'end'"): missing value where TRUE/FALSE needed

!! ERROR in BETget when code = 102: Error in if (start > end) stop("'start' cannot be after 'end'"): missing value where TRUE/FALSE needed

!! ERROR in BETget when code = 103: Error in if (start > end) stop("'start' cannot be after 'end'"): missing value where TRUE/FALSE needed

!! ERROR in BETget when code = 104: Error in if (start > end) stop("'start' cannot be after 'end'"): missing value where TRUE/FALSE needed

!! ERROR in BETget when code = 105: Error in if (start > end) stop("'start' cannot be after 'end'"): missing value where TRUE/FALSE needed

!! ERROR in BETget when code = 106: Error in if (start > end) stop("'start' cannot be after 'end'"): missing value where TRUE/FALSE needed

!! ERROR in BETget when code = 233: Error in if (start > end) stop("'start' cannot be after 'end'"): missing value where TRUE/FALSE needed

!! ERROR in BETget when code = 234: Error in if (start > end) stop("'start' cannot be after 'end'"): missing value where TRUE/FALSE needed

!! ERROR in BETget when code = 235: Error in if (start > end) stop("'start' cannot be after 'end'"): missing value where TRUE/FALSE needed

!! ERROR in BETget when code = 236: Error in if (start > end) stop("'start' cannot be after 'end'"): missing value where TRUE/FALSE needed

!! ERROR in BETget when code = 237: Error in if (start > end) stop("'start' cannot be after 'end'"): missing value where TRUE/FALSE needed

!! ERROR in BETget when code = 238: Error in if (start > end) stop("'start' cannot be after 'end'"): missing value where TRUE/FALSE needed

!! ERROR in BETget when code = 411: Error in if (start > end) stop("'start' cannot be after 'end'"): missing value where TRUE/FALSE needed

!! ERROR in BETget when code = 412: Error in if (start > end) stop("'start' cannot be after 'end'"): missing value where TRUE/FALSE needed

!! ERROR in BETget when code = 413: Error in if (start > end) stop("'start' cannot be after 'end'"): missing value where TRUE/FALSE needed

!! ERROR in BETget when code = 414: Error in if (start > end) stop("'start' cannot be after 'end'"): missing value where TRUE/FALSE needed

!! ERROR in BETget when code = 415: Error in if (start > end) stop("'start' cannot be after 'end'"): missing value where TRUE/FALSE needed

!! ERROR in BETget when code = 416: Error in if (start > end) stop("'start' cannot be after 'end'"): missing value where TRUE/FALSE needed

!! ERROR in BETget when code = 417: Error in if (start > end) stop("'start' cannot be after 'end'"): missing value where TRUE/FALSE needed

!! ERROR in BETget when code = 466: Error in if (start > end) stop("'start' cannot be after 'end'"): missing value where TRUE/FALSE needed

!! ERROR in BETget when code = 471: Error in if (start > end) stop("'start' cannot be after 'end'"): missing value where TRUE/FALSE needed

!! ERROR in BETget when code = 472: Error in if (start > end) stop("'start' cannot be after 'end'"): missing value where TRUE/FALSE needed

!! ERROR in BETget when code = 473: Error in if (start > end) stop("'start' cannot be after 'end'"): missing value where TRUE/FALSE needed

!! ERROR in BETget when code = 474: Error in if (start > end) stop("'start' cannot be after 'end'"): missing value where TRUE/FALSE needed

!! ERROR in BETget when code = 475: Error in if (start > end) stop("'start' cannot be after 'end'"): missing value where TRUE/FALSE needed

!! ERROR in BETget when code = 488: Error in if (start > end) stop("'start' cannot be after 'end'"): missing value where TRUE/FALSE needed

!! ERROR in BETget when code = 489: Error in if (start > end) stop("'start' cannot be after 'end'"): missing value where TRUE/FALSE needed

!! ERROR in BETget when code = 751: Error in as.Date.default(sapply(aux$data, function(x) paste(substr(x, : c("do not know how to convert 'sapply(aux$data, function(x) paste(substr(x, 6, 9), paste0(0, ' to class “Date”", "do not know how to convert '    substr(x, 4, 4)), substr(x, 1, 2), sep = \"-\"))' to class “Date”")

!! ERROR in BETget when code = 753: Error in as.Date.default(sapply(aux$data, function(x) paste(substr(x, : c("do not know how to convert 'sapply(aux$data, function(x) paste(substr(x, 6, 9), paste0(0, ' to class “Date”", "do not know how to convert '    substr(x, 4, 4)), substr(x, 1, 2), sep = \"-\"))' to class “Date”")

!! ERROR in BETget when code = 754: Error in as.Date.default(sapply(aux$data, function(x) paste(substr(x, : c("do not know how to convert 'sapply(aux$data, function(x) paste(substr(x, 6, 9), paste0(0, ' to class “Date”", "do not know how to convert '    substr(x, 4, 4)), substr(x, 1, 2), sep = \"-\"))' to class “Date”")

!! ERROR in BETget when code = 759: Error in as.Date.default(sapply(aux$data, function(x) paste(substr(x, : c("do not know how to convert 'sapply(aux$data, function(x) paste(substr(x, 6, 9), paste0(0, ' to class “Date”", "do not know how to convert '    substr(x, 4, 4)), substr(x, 1, 2), sep = \"-\"))' to class “Date”")

!! ERROR in BETget when code = 760: Error in as.Date.default(sapply(aux$data, function(x) paste(substr(x, : c("do not know how to convert 'sapply(aux$data, function(x) paste(substr(x, 6, 9), paste0(0, ' to class “Date”", "do not know how to convert '    substr(x, 4, 4)), substr(x, 1, 2), sep = \"-\"))' to class “Date”")

!! ERROR in BETget when code = 761: Error in as.Date.default(sapply(aux$data, function(x) paste(substr(x, : c("do not know how to convert 'sapply(aux$data, function(x) paste(substr(x, 6, 9), paste0(0, ' to class “Date”", "do not know how to convert '    substr(x, 4, 4)), substr(x, 1, 2), sep = \"-\"))' to class “Date”")

!! ERROR in BETget when code = 762: Error in as.Date.default(sapply(aux$data, function(x) paste(substr(x, : c("do not know how to convert 'sapply(aux$data, function(x) paste(substr(x, 6, 9), paste0(0, ' to class “Date”", "do not know how to convert '    substr(x, 4, 4)), substr(x, 1, 2), sep = \"-\"))' to class “Date”")

!! ERROR in BETget when code = 763: Error in as.Date.default(sapply(aux$data, function(x) paste(substr(x, : c("do not know how to convert 'sapply(aux$data, function(x) paste(substr(x, 6, 9), paste0(0, ' to class “Date”", "do not know how to convert '    substr(x, 4, 4)), substr(x, 1, 2), sep = \"-\"))' to class “Date”")

!! ERROR in BETget when code = 765: Error in as.Date.default(sapply(aux$data, function(x) paste(substr(x, : c("do not know how to convert 'sapply(aux$data, function(x) paste(substr(x, 6, 9), paste0(0, ' to class “Date”", "do not know how to convert '    substr(x, 4, 4)), substr(x, 1, 2), sep = \"-\"))' to class “Date”")

!! ERROR in BETget when code = 770: Error in as.Date.default(sapply(aux$data, function(x) paste(substr(x, : c("do not know how to convert 'sapply(aux$data, function(x) paste(substr(x, 6, 9), paste0(0, ' to class “Date”", "do not know how to convert '    substr(x, 4, 4)), substr(x, 1, 2), sep = \"-\"))' to class “Date”")

!! ERROR in BETget when code = 771: Error in as.Date.default(sapply(aux$data, function(x) paste(substr(x, : c("do not know how to convert 'sapply(aux$data, function(x) paste(substr(x, 6, 9), paste0(0, ' to class “Date”", "do not know how to convert '    substr(x, 4, 4)), substr(x, 1, 2), sep = \"-\"))' to class “Date”")

!! ERROR in BETget when code = 772: Error in as.Date.default(sapply(aux$data, function(x) paste(substr(x, : c("do not know how to convert 'sapply(aux$data, function(x) paste(substr(x, 6, 9), paste0(0, ' to class “Date”", "do not know how to convert '    substr(x, 4, 4)), substr(x, 1, 2), sep = \"-\"))' to class “Date”")

!! ERROR in BETget when code = 773: Error in as.Date.default(sapply(aux$data, function(x) paste(substr(x, : c("do not know how to convert 'sapply(aux$data, function(x) paste(substr(x, 6, 9), paste0(0, ' to class “Date”", "do not know how to convert '    substr(x, 4, 4)), substr(x, 1, 2), sep = \"-\"))' to class “Date”")

!! ERROR in BETget when code = 774: Error in as.Date.default(sapply(aux$data, function(x) paste(substr(x, : c("do not know how to convert 'sapply(aux$data, function(x) paste(substr(x, 6, 9), paste0(0, ' to class “Date”", "do not know how to convert '    substr(x, 4, 4)), substr(x, 1, 2), sep = \"-\"))' to class “Date”")

!! ERROR in BETget when code = 776: Error in as.Date.default(sapply(aux$data, function(x) paste(substr(x, : c("do not know how to convert 'sapply(aux$data, function(x) paste(substr(x, 6, 9), paste0(0, ' to class “Date”", "do not know how to convert '    substr(x, 4, 4)), substr(x, 1, 2), sep = \"-\"))' to class “Date”")

!! ERROR in BETget when code = 1107: Error in ts(aux1, start <- c(start_ano), freq = 12): 'ts' object must have one or more observations

!! ERROR in BETget when code = 1111: Error in ts(aux1, start <- c(start_ano), freq = 12): 'ts' object must have one or more observations

!! ERROR in BETget when code = 1112: Error in ts(aux1, start <- c(start_ano), freq = 12): 'ts' object must have one or more observations

!! ERROR in BETget when code = 1113: Error in ts(aux1, start <- c(start_ano), freq = 12): 'ts' object must have one or more observations

!! ERROR in BETget when code = 1114: Error in ts(aux1, start <- c(start_ano), freq = 12): 'ts' object must have one or more observations

!! ERROR in BETget when code = 1120: Error in ts(aux1, start <- c(start_ano), freq = 12): 'ts' object must have one or more observations

!! ERROR in BETget when code = 1122: Error in ts(aux1, start <- c(start_ano), freq = 12): 'ts' object must have one or more observations

!! ERROR in BETget when code = 1123: Error in ts(aux1, start <- c(start_ano), freq = 12): 'ts' object must have one or more observations

!! ERROR in BETget when code = 1124: Error in ts(aux1, start <- c(start_ano), freq = 12): 'ts' object must have one or more observations

!! ERROR in BETget when code = 1125: Error in ts(aux1, start <- c(start_ano), freq = 12): 'ts' object must have one or more observations

!! ERROR in BETget when code = 1131: Error in ts(aux1, start <- c(start_ano), freq = 12): 'ts' object must have one or more observations

!! ERROR in BETget when code = 1133: Error in ts(aux1, start <- c(start_ano), freq = 12): 'ts' object must have one or more observations

!! ERROR in BETget when code = 1134: Error in ts(aux1, start <- c(start_ano), freq = 12): 'ts' object must have one or more observations

!! ERROR in BETget when code = 1135: Error in ts(aux1, start <- c(start_ano), freq = 12): 'ts' object must have one or more observations

!! ERROR in BETget when code = 1136: Error in ts(aux1, start <- c(start_ano), freq = 12): 'ts' object must have one or more observations

!! ERROR in BETget when code = 1142: Error in ts(aux1, start <- c(start_ano), freq = 12): 'ts' object must have one or more observations

!! ERROR in BETget when code = 1146: Error in ts(aux1, start <- c(start_ano), freq = 12): 'ts' object must have one or more observations

!! ERROR in BETget when code = 1147: Error in ts(aux1, start <- c(start_ano), freq = 12): 'ts' object must have one or more observations

!! ERROR in BETget when code = 1148: Error in ts(aux1, start <- c(start_ano), freq = 12): 'ts' object must have one or more observations

!! ERROR in BETget when code = 1149: Error in ts(aux1, start <- c(start_ano), freq = 12): 'ts' object must have one or more observations

!! ERROR in BETget when code = 1155: Error in ts(aux1, start <- c(start_ano), freq = 12): 'ts' object must have one or more observations

!! ERROR in BETget when code = 1157: Error in if (start > end) stop("'start' cannot be after 'end'"): missing value where TRUE/FALSE needed

!! ERROR in BETget when code = 1158: Error in if (start > end) stop("'start' cannot be after 'end'"): missing value where TRUE/FALSE needed

!! ERROR in BETget when code = 1159: Error in if (start > end) stop("'start' cannot be after 'end'"): missing value where TRUE/FALSE needed

!! ERROR in BETget when code = 1160: Error in if (start > end) stop("'start' cannot be after 'end'"): missing value where TRUE/FALSE needed

!! ERROR in BETget when code = 1161: Error in if (start > end) stop("'start' cannot be after 'end'"): missing value where TRUE/FALSE needed

!! ERROR in BETget when code = 1162: Error in if (start > end) stop("'start' cannot be after 'end'"): missing value where TRUE/FALSE needed

!! ERROR in BETget when code = 1163: Error in if (start > end) stop("'start' cannot be after 'end'"): missing value where TRUE/FALSE needed

!! ERROR in BETget when code = 1164: Error in if (start > end) stop("'start' cannot be after 'end'"): missing value where TRUE/FALSE needed

!! ERROR in BETget when code = 1165: Error in if (start > end) stop("'start' cannot be after 'end'"): missing value where TRUE/FALSE needed

!! ERROR in BETget when code = 1166: Error in if (start > end) stop("'start' cannot be after 'end'"): missing value where TRUE/FALSE needed

!! ERROR in BETget when code = 1167: Error in if (start > end) stop("'start' cannot be after 'end'"): missing value where TRUE/FALSE needed

!! ERROR in BETget when code = 1168: Error in if (start > end) stop("'start' cannot be after 'end'"): missing value where TRUE/FALSE needed

!! ERROR in BETget when code = 1169: Error in if (start > end) stop("'start' cannot be after 'end'"): missing value where TRUE/FALSE needed

!! ERROR in BETget when code = 1170: Error in if (start > end) stop("'start' cannot be after 'end'"): missing value where TRUE/FALSE needed

!! ERROR in BETget when code = 1171: Error in if (start > end) stop("'start' cannot be after 'end'"): missing value where TRUE/FALSE needed

!! ERROR in BETget when code = 1172: Error in if (start > end) stop("'start' cannot be after 'end'"): missing value where TRUE/FALSE needed

!! ERROR in BETget when code = 1173: Error in if (start > end) stop("'start' cannot be after 'end'"): missing value where TRUE/FALSE needed

!! ERROR in BETget when code = 1179: Error in if (start > end) stop("'start' cannot be after 'end'"): missing value where TRUE/FALSE needed

!! ERROR in BETget when code = 1180: Error in if (start > end) stop("'start' cannot be after 'end'"): missing value where TRUE/FALSE needed

!! ERROR in BETget when code = 1181: Error in if (start > end) stop("'start' cannot be after 'end'"): missing value where TRUE/FALSE needed

!! ERROR in BETget when code = 1182: Error in if (start > end) stop("'start' cannot be after 'end'"): missing value where TRUE/FALSE needed

!! ERROR in BETget when code = 1183: Error in if (start > end) stop("'start' cannot be after 'end'"): missing value where TRUE/FALSE needed

!! ERROR in BETget when code = 1184: Error in if (start > end) stop("'start' cannot be after 'end'"): missing value where TRUE/FALSE needed

!! ERROR in BETget when code = 1185: Error in if (start > end) stop("'start' cannot be after 'end'"): missing value where TRUE/FALSE needed

!! ERROR in BETget when code = 1186: Error in if (start > end) stop("'start' cannot be after 'end'"): missing value where TRUE/FALSE needed

!! ERROR in BETget when code = 1187: Error in if (start > end) stop("'start' cannot be after 'end'"): missing value where TRUE/FALSE needed

!! ERROR in BETget when code = 1188: Error in if (start > end) stop("'start' cannot be after 'end'"): missing value where TRUE/FALSE needed

!! ERROR in BETget when code = 1189: Error in if (start > end) stop("'start' cannot be after 'end'"): missing value where TRUE/FALSE needed

!! ERROR in BETget when code = 1190: Error in if (start > end) stop("'start' cannot be after 'end'"): missing value where TRUE/FALSE needed

!! ERROR in BETget when code = 1191: Error in if (start > end) stop("'start' cannot be after 'end'"): missing value where TRUE/FALSE needed

!! ERROR in BETget when code = 1195: Error in ts(aux1, start <- c(start_ano, start_mes, start_day), freq = 365): 'ts' object must have one or more observations

!! ERROR in BETget when code = 1200: Error in ts(aux1, start <- c(start_ano, start_mes, start_day), freq = 365): 'ts' object must have one or more observations

!! ERROR in BETget when code = 8309: Error in ts(aux1, start <- c(start_ano, start_mes, start_day), freq = 365): 'ts' object must have one or more observations

!! ERROR in BETget when code = 42: Error in if (start > end) stop("'start' cannot be after 'end'"): missing value where TRUE/FALSE needed

!! ERROR in BETget when code = 43: Error in if (start > end) stop("'start' cannot be after 'end'"): missing value where TRUE/FALSE needed

!! ERROR in BETget when code = 44: Error in if (start > end) stop("'start' cannot be after 'end'"): missing value where TRUE/FALSE needed

!! ERROR in BETget when code = 109: Error in ts(aux1, start <- c(start_ano), freq = 12): 'ts' object must have one or more observations

!! ERROR in BETget when code = 110: Error in ts(aux1, start <- c(start_ano), freq = 12): 'ts' object must have one or more observations

!! ERROR in BETget when code = 111: Error in ts(aux1, start <- c(start_ano), freq = 12): 'ts' object must have one or more observations

!! ERROR in BETget when code = 112: Error in ts(aux1, start <- c(start_ano), freq = 12): 'ts' object must have one or more observations

!! ERROR in BETget when code = 113: Error in ts(aux1, start <- c(start_ano), freq = 12): 'ts' object must have one or more observations

!! ERROR in BETget when code = 114: Error in ts(aux1, start <- c(start_ano), freq = 12): 'ts' object must have one or more observations

!! ERROR in BETget when code = 115: Error in ts(aux1, start <- c(start_ano), freq = 12): 'ts' object must have one or more observations

!! ERROR in BETget when code = 116: Error in ts(aux1, start <- c(start_ano), freq = 12): 'ts' object must have one or more observations

!! ERROR in BETget when code = 117: Error in ts(aux1, start <- c(start_ano), freq = 12): 'ts' object must have one or more observations

!! ERROR in BETget when code = 118: Error in ts(aux1, start <- c(start_ano), freq = 12): 'ts' object must have one or more observations

!! ERROR in BETget when code = 213: Error in ts(aux1, start <- c(start_ano, start_mes, start_day), freq = 365): 'ts' object must have one or more observations

!! ERROR in BETget when code = 214: Error in ts(aux1, start <- c(start_ano, start_mes, start_day), freq = 365): 'ts' object must have one or more observations

!! ERROR in BETget when code = 215: Error in ts(aux1, start <- c(start_ano, start_mes, start_day), freq = 365): 'ts' object must have one or more observations

!! ERROR in BETget when code = 216: Error in ts(aux1, start <- c(start_ano), freq = 12): 'ts' object must have one or more observations

!! ERROR in BETget when code = 217: Error in ts(aux1, start <- c(start_ano), freq = 12): 'ts' object must have one or more observations

!! ERROR in BETget when code = 218: Error in ts(aux1, start <- c(start_ano), freq = 12): 'ts' object must have one or more observations

!! ERROR in BETget when code = 219: Error in ts(aux1, start <- c(start_ano), freq = 12): 'ts' object must have one or more observations

!! ERROR in BETget when code = 220: Error in ts(aux1, start <- c(start_ano), freq = 12): 'ts' object must have one or more observations

!! ERROR in BETget when code = 221: Error in ts(aux1, start <- c(start_ano), freq = 12): 'ts' object must have one or more observations

!! ERROR in BETget when code = 222: Error in ts(aux1, start <- c(start_ano), freq = 12): 'ts' object must have one or more observations

!! ERROR in BETget when code = 257: Error in ts(aux1, start <- c(start_ano, start_mes, start_day), freq = 365): 'ts' object must have one or more observations

!! ERROR in BETget when code = 258: Error in ts(aux1, start <- c(start_ano, start_mes, start_day), freq = 365): 'ts' object must have one or more observations

!! ERROR in BETget when code = 259: Error in ts(aux1, start <- c(start_ano, start_mes, start_day), freq = 365): 'ts' object must have one or more observations

!! ERROR in BETget when code = 260: Error in ts(aux1, start <- c(start_ano, start_mes, start_day), freq = 365): 'ts' object must have one or more observations

!! ERROR in BETget when code = 261: Error in ts(aux1, start <- c(start_ano, start_mes, start_day), freq = 365): 'ts' object must have one or more observations

!! ERROR in BETget when code = 262: Error in ts(aux1, start <- c(start_ano, start_mes, start_day), freq = 365): 'ts' object must have one or more observations

!! ERROR in BETget when code = 263: Error in ts(aux1, start <- c(start_ano, start_mes, start_day), freq = 365): 'ts' object must have one or more observations

!! ERROR in BETget when code = 264: Error in ts(aux1, start <- c(start_ano, start_mes, start_day), freq = 365): 'ts' object must have one or more observations

!! ERROR in BETget when code = 265: Error in ts(aux1, start <- c(start_ano, start_mes, start_day), freq = 365): 'ts' object must have one or more observations

!! ERROR in BETget when code = 266: Error in if (start > end) stop("'start' cannot be after 'end'"): missing value where TRUE/FALSE needed

!! ERROR in BETget when code = 267: Error in if (start > end) stop("'start' cannot be after 'end'"): missing value where TRUE/FALSE needed

!! ERROR in BETget when code = 268: Error in if (start > end) stop("'start' cannot be after 'end'"): missing value where TRUE/FALSE needed

!! ERROR in BETget when code = 269: Error in if (start > end) stop("'start' cannot be after 'end'"): missing value where TRUE/FALSE needed

!! ERROR in BETget when code = 274: Error in if (start > end) stop("'start' cannot be after 'end'"): missing value where TRUE/FALSE needed

!! ERROR in BETget when code = 275: Error in if (start > end) stop("'start' cannot be after 'end'"): missing value where TRUE/FALSE needed

!! ERROR in BETget when code = 276: Error in if (start > end) stop("'start' cannot be after 'end'"): missing value where TRUE/FALSE needed

!! ERROR in BETget when code = 277: Error in if (start > end) stop("'start' cannot be after 'end'"): missing value where TRUE/FALSE needed

!! ERROR in BETget when code = 278: Error in if (start > end) stop("'start' cannot be after 'end'"): missing value where TRUE/FALSE needed

!! ERROR in BETget when code = 279: Error in if (start > end) stop("'start' cannot be after 'end'"): missing value where TRUE/FALSE needed

!! ERROR in BETget when code = 280: Error in if (start > end) stop("'start' cannot be after 'end'"): missing value where TRUE/FALSE needed

!! ERROR in BETget when code = 281: Error in if (start > end) stop("'start' cannot be after 'end'"): missing value where TRUE/FALSE needed

!! ERROR in BETget when code = 282: Error in if (start > end) stop("'start' cannot be after 'end'"): missing value where TRUE/FALSE needed

!! ERROR in BETget when code = 283: Error in if (start > end) stop("'start' cannot be after 'end'"): missing value where TRUE/FALSE needed

!! ERROR in BETget when code = 284: Error in if (start > end) stop("'start' cannot be after 'end'"): missing value where TRUE/FALSE needed

!! ERROR in BETget when code = 285: Error in if (start > end) stop("'start' cannot be after 'end'"): missing value where TRUE/FALSE needed

!! ERROR in BETget when code = 286: Error in ts(aux1, start <- c(start_ano, start_mes, start_day), freq = 365): 'ts' object must have one or more observations

!! ERROR in BETget when code = 287: Error in ts(aux1, start <- c(start_ano, start_mes, start_day), freq = 365): 'ts' object must have one or more observations

!! ERROR in BETget when code = 288: Error in ts(aux1, start <- c(start_ano, start_mes, start_day), freq = 365): 'ts' object must have one or more observations

!! ERROR in BETget when code = 289: Error in ts(aux1, start <- c(start_ano, start_mes, start_day), freq = 365): 'ts' object must have one or more observations

!! ERROR in BETget when code = 290: Error in ts(aux1, start <- c(start_ano, start_mes, start_day), freq = 365): 'ts' object must have one or more observations

!! ERROR in BETget when code = 291: Error in ts(aux1, start <- c(start_ano, start_mes, start_day), freq = 365): 'ts' object must have one or more observations

!! ERROR in BETget when code = 292: Error in if (start > end) stop("'start' cannot be after 'end'"): missing value where TRUE/FALSE needed

!! ERROR in BETget when code = 293: Error in if (start > end) stop("'start' cannot be after 'end'"): missing value where TRUE/FALSE needed

!! ERROR in BETget when code = 294: Error in if (start > end) stop("'start' cannot be after 'end'"): missing value where TRUE/FALSE needed

!! ERROR in BETget when code = 295: Error in if (start > end) stop("'start' cannot be after 'end'"): missing value where TRUE/FALSE needed

!! ERROR in BETget when code = 296: Error in if (start > end) stop("'start' cannot be after 'end'"): missing value where TRUE/FALSE needed

!! ERROR in BETget when code = 304: Error in if (g[i] == T) {: missing value where TRUE/FALSE needed

!! ERROR in BETget when code = 305: Error in if (g[i] == T) {: missing value where TRUE/FALSE needed

!! ERROR in BETget when code = 306: Error in if (g[i] == T) {: missing value where TRUE/FALSE needed

!! ERROR in BETget when code = 307: Error in if (g[i] == T) {: missing value where TRUE/FALSE needed

!! ERROR in BETget when code = 308: Error in if (g[i] == T) {: missing value where TRUE/FALSE needed

!! ERROR in BETget when code = 309: Error in if (g[i] == T) {: missing value where TRUE/FALSE needed

!! ERROR in BETget when code = 310: Error in if (g[i] == T) {: missing value where TRUE/FALSE needed

!! ERROR in BETget when code = 311: Error in if (g[i] == T) {: missing value where TRUE/FALSE needed

!! ERROR in BETget when code = 313: Error in if (g[i] == T) {: missing value where TRUE/FALSE needed

!! ERROR in BETget when code = 314: Error in if (g[i] == T) {: missing value where TRUE/FALSE needed

!! ERROR in BETget when code = 315: Error in if (g[i] == T) {: missing value where TRUE/FALSE needed

!! ERROR in BETget when code = 316: Error in if (g[i] == T) {: missing value where TRUE/FALSE needed

!! ERROR in BETget when code = 317: Error in if (g[i] == T) {: missing value where TRUE/FALSE needed

!! ERROR in BETget when code = 318: Error in if (g[i] == T) {: missing value where TRUE/FALSE needed

!! ERROR in BETget when code = 319: Error in if (g[i] == T) {: missing value where TRUE/FALSE needed

!! ERROR in BETget when code = 320: Error in if (g[i] == T) {: missing value where TRUE/FALSE needed

!! ERROR in BETget when code = 321: Error in if (g[i] == T) {: missing value where TRUE/FALSE needed

!! ERROR in BETget when code = 322: Error in if (g[i] == T) {: missing value where TRUE/FALSE needed

!! ERROR in BETget when code = 323: Error in if (g[i] == T) {: missing value where TRUE/FALSE needed

!! ERROR in BETget when code = 386: Error in ts(aux1, start <- c(start_ano), freq = 12): 'ts' object must have one or more observations

!! ERROR in BETget when code = 387: Error in ts(aux1, start <- c(start_ano), freq = 12): 'ts' object must have one or more observations

!! ERROR in BETget when code = 388: Error in ts(aux1, start <- c(start_ano), freq = 12): 'ts' object must have one or more observations

!! ERROR in BETget when code = 389: Error in ts(aux1, start <- c(start_ano), freq = 12): 'ts' object must have one or more observations

!! ERROR in BETget when code = 390: Error in ts(aux1, start <- c(start_ano), freq = 12): 'ts' object must have one or more observations

!! ERROR in BETget when code = 391: Error in ts(aux1, start <- c(start_ano), freq = 12): 'ts' object must have one or more observations

!! ERROR in BETget when code = 392: Error in ts(aux1, start <- c(start_ano), freq = 12): 'ts' object must have one or more observations

!! ERROR in BETget when code = 393: Error in ts(aux1, start <- c(start_ano), freq = 12): 'ts' object must have one or more observations

!! ERROR in BETget when code = 394: Error in ts(aux1, start <- c(start_ano), freq = 12): 'ts' object must have one or more observations

!! ERROR in BETget when code = 395: Error in ts(aux1, start <- c(start_ano), freq = 12): 'ts' object must have one or more observations

!! ERROR in BETget when code = 396: Error in ts(aux1, start <- c(start_ano), freq = 12): 'ts' object must have one or more observations

!! ERROR in BETget when code = 397: Error in ts(aux1, start <- c(start_ano), freq = 12): 'ts' object must have one or more observations

!! ERROR in BETget when code = 14829: Error in if (g[i] == T) {: missing value where TRUE/FALSE needed

!! ERROR in BETget when code = 14834: Error in if (g[i] == T) {: missing value where TRUE/FALSE needed

!! ERROR in BETget when code = 14855: Error in if (g[i] == T) {: missing value where TRUE/FALSE needed

!! ERROR in BETget when code = 14860: Error in if (g[i] == T) {: missing value where TRUE/FALSE needed

!! ERROR in BETget when code = 14881: Error in if (g[i] == T) {: missing value where TRUE/FALSE needed

!! ERROR in BETget when code = 14886: Error in if (g[i] == T) {: missing value where TRUE/FALSE needed

!! ERROR in BETget when code = 14907: Error in if (g[i] == T) {: missing value where TRUE/FALSE needed

!! ERROR in BETget when code = 14912: Error in if (g[i] == T) {: missing value where TRUE/FALSE needed

!! ERROR in BETget when code = 14933: Error in if (g[i] == T) {: missing value where TRUE/FALSE needed

!! ERROR in BETget when code = 14938: Error in if (g[i] == T) {: missing value where TRUE/FALSE needed

!! ERROR in BETget when code = 14959: Error in if (g[i] == T) {: missing value where TRUE/FALSE needed

!! ERROR in BETget when code = 14964: Error in if (g[i] == T) {: missing value where TRUE/FALSE needed

!! ERROR in BETget when code = 14985: Error in if (g[i] == T) {: missing value where TRUE/FALSE needed

!! ERROR in BETget when code = 14990: Error in if (g[i] == T) {: missing value where TRUE/FALSE needed

!! ERROR in BETget when code = 15011: Error in if (g[i] == T) {: missing value where TRUE/FALSE needed

!! ERROR in BETget when code = 15016: Error in if (g[i] == T) {: missing value where TRUE/FALSE needed

!! ERROR in BETget when code = 15017: Error in if (g[i] == T) {: missing value where TRUE/FALSE needed

!! ERROR in BETget when code = 15145: Error in if (g[i] == T) {: missing value where TRUE/FALSE needed

!! ERROR in BETget when code = 15146: Error in if (g[i] == T) {: missing value where TRUE/FALSE needed

!! ERROR in BETget when code = 15147: Error in if (g[i] == T) {: missing value where TRUE/FALSE needed

!! ERROR in BETget when code = 15438: Error in if (g[i] == T) {: missing value where TRUE/FALSE needed

!! ERROR in BETget when code = 15444: Error in if (g[i] == T) {: missing value where TRUE/FALSE needed

!! ERROR in BETget when code = 15465: Error in if (g[i] == T) {: missing value where TRUE/FALSE needed

!! ERROR in BETget when code = 15471: Error in if (g[i] == T) {: missing value where TRUE/FALSE needed

!! ERROR in BETget when code = 15492: Error in if (g[i] == T) {: missing value where TRUE/FALSE needed

!! ERROR in BETget when code = 15498: Error in if (g[i] == T) {: missing value where TRUE/FALSE needed

!! ERROR in BETget when code = 15519: Error in if (g[i] == T) {: missing value where TRUE/FALSE needed

!! ERROR in BETget when code = 15525: Error in if (g[i] == T) {: missing value where TRUE/FALSE needed

!! ERROR in BETget when code = 15546: Error in if (g[i] == T) {: missing value where TRUE/FALSE needed

!! ERROR in BETget when code = 15552: Error in if (g[i] == T) {: missing value where TRUE/FALSE needed

!! ERROR in BETget when code = 15572: Error in if (g[i] == T) {: missing value where TRUE/FALSE needed

!! ERROR in BETget when code = 15578: Error in if (g[i] == T) {: missing value where TRUE/FALSE needed

!! ERROR in BETget when code = 15598: Error in if (g[i] == T) {: missing value where TRUE/FALSE needed

!! ERROR in BETget when code = 15604: Error in if (g[i] == T) {: missing value where TRUE/FALSE needed

!! ERROR in BETget when code = 15624: Error in if (g[i] == T) {: missing value where TRUE/FALSE needed

!! ERROR in BETget when code = 15630: Error in if (g[i] == T) {: missing value where TRUE/FALSE needed

!! ERROR in BETget when code = 15650: Error in if (g[i] == T) {: missing value where TRUE/FALSE needed

!! ERROR in BETget when code = 15656: Error in if (g[i] == T) {: missing value where TRUE/FALSE needed

!! ERROR in BETget when code = 15676: Error in if (g[i] == T) {: missing value where TRUE/FALSE needed

!! ERROR in BETget when code = 15682: Error in if (g[i] == T) {: missing value where TRUE/FALSE needed

!! ERROR in BETget when code = 21101: Error in ts(aux1, start <- c(start_ano), freq = 12): 'ts' object must have one or more observations

!! ERROR in BETget when code = 21102: Error in ts(aux1, start <- c(start_ano), freq = 12): 'ts' object must have one or more observations

!! ERROR in BETget when code = 21103: Error in ts(aux1, start <- c(start_ano), freq = 12): 'ts' object must have one or more observations

!! ERROR in BETget when code = 21104: Error in ts(aux1, start <- c(start_ano), freq = 12): 'ts' object must have one or more observations

!! ERROR in BETget when code = 21105: Error in ts(aux1, start <- c(start_ano), freq = 12): 'ts' object must have one or more observations

!! ERROR in BETget when code = 21106: Error in ts(aux1, start <- c(start_ano), freq = 12): 'ts' object must have one or more observations

!! ERROR in BETget when code = 21107: Error in ts(aux1, start <- c(start_ano), freq = 12): 'ts' object must have one or more observations

!! ERROR in BETget when code = 21108: Error in ts(aux1, start <- c(start_ano), freq = 12): 'ts' object must have one or more observations

!! ERROR in BETget when code = 21109: Error in ts(aux1, start <- c(start_ano), freq = 12): 'ts' object must have one or more observations

!! ERROR in BETget when code = 21110: Error in ts(aux1, start <- c(start_ano), freq = 12): 'ts' object must have one or more observations

!! ERROR in BETget when code = 21111: Error in ts(aux1, start <- c(start_ano), freq = 12): 'ts' object must have one or more observations

!! ERROR in BETget when code = 21112: Error in ts(aux1, start <- c(start_ano), freq = 12): 'ts' object must have one or more observations

!! ERROR in BETget when code = 21113: Error in ts(aux1, start <- c(start_ano), freq = 12): 'ts' object must have one or more observations

!! ERROR in BETget when code = 21114: Error in ts(aux1, start <- c(start_ano), freq = 12): 'ts' object must have one or more observations

!! ERROR in BETget when code = 21115: Error in ts(aux1, start <- c(start_ano), freq = 12): 'ts' object must have one or more observations

!! ERROR in BETget when code = 21116: Error in ts(aux1, start <- c(start_ano), freq = 12): 'ts' object must have one or more observations

!! ERROR in BETget when code = 21117: Error in ts(aux1, start <- c(start_ano), freq = 12): 'ts' object must have one or more observations

!! ERROR in BETget when code = 21118: Error in ts(aux1, start <- c(start_ano), freq = 12): 'ts' object must have one or more observations

!! ERROR in BETget when code = 21119: Error in ts(aux1, start <- c(start_ano), freq = 12): 'ts' object must have one or more observations

!! ERROR in BETget when code = 21120: Error in ts(aux1, start <- c(start_ano), freq = 12): 'ts' object must have one or more observations

!! ERROR in BETget when code = 21121: Error in ts(aux1, start <- c(start_ano), freq = 12): 'ts' object must have one or more observations

!! ERROR in BETget when code = 21122: Error in ts(aux1, start <- c(start_ano), freq = 12): 'ts' object must have one or more observations

!! ERROR in BETget when code = 21123: Error in ts(aux1, start <- c(start_ano), freq = 12): 'ts' object must have one or more observations

!! ERROR in BETget when code = 21124: Error in ts(aux1, start <- c(start_ano), freq = 12): 'ts' object must have one or more observations

!! ERROR in BETget when code = 21125: Error in ts(aux1, start <- c(start_ano), freq = 12): 'ts' object must have one or more observations

!! ERROR in BETget when code = 21126: Error in ts(aux1, start <- c(start_ano), freq = 12): 'ts' object must have one or more observations

!! ERROR in BETget when code = 21127: Error in ts(aux1, start <- c(start_ano), freq = 12): 'ts' object must have one or more observations

!! ERROR in BETget when code = 21128: Error in ts(aux1, start <- c(start_ano), freq = 12): 'ts' object must have one or more observations

!! ERROR in BETget when code = 21129: Error in ts(aux1, start <- c(start_ano), freq = 12): 'ts' object must have one or more observations

!! ERROR in BETget when code = 21130: Error in ts(aux1, start <- c(start_ano), freq = 12): 'ts' object must have one or more observations

!! ERROR in BETget when code = 21131: Error in ts(aux1, start <- c(start_ano), freq = 12): 'ts' object must have one or more observations

!! ERROR in BETget when code = 21132: Error in ts(aux1, start <- c(start_ano), freq = 12): 'ts' object must have one or more observations

!! ERROR in BETget when code = 21133: Error in ts(aux1, start <- c(start_ano), freq = 12): 'ts' object must have one or more observations

!! ERROR in BETget when code = 21134: Error in ts(aux1, start <- c(start_ano), freq = 12): 'ts' object must have one or more observations

!! ERROR in BETget when code = 21135: Error in ts(aux1, start <- c(start_ano), freq = 12): 'ts' object must have one or more observations

!! ERROR in BETget when code = 21136: Error in ts(aux1, start <- c(start_ano), freq = 12): 'ts' object must have one or more observations

!! ERROR in BETget when code = 21137: Error in ts(aux1, start <- c(start_ano), freq = 12): 'ts' object must have one or more observations

!! ERROR in BETget when code = 21138: Error in ts(aux1, start <- c(start_ano), freq = 12): 'ts' object must have one or more observations

!! ERROR in BETget when code = 21139: Error in ts(aux1, start <- c(start_ano), freq = 12): 'ts' object must have one or more observations

!! ERROR in BETget when code = 21140: Error in ts(aux1, start <- c(start_ano), freq = 12): 'ts' object must have one or more observations

!! ERROR in BETget when code = 21141: Error in ts(aux1, start <- c(start_ano), freq = 12): 'ts' object must have one or more observations

!! ERROR in BETget when code = 21142: Error in ts(aux1, start <- c(start_ano), freq = 12): 'ts' object must have one or more observations

!! ERROR in BETget when code = 21143: Error in ts(aux1, start <- c(start_ano), freq = 12): 'ts' object must have one or more observations

!! ERROR in BETget when code = 21144: Error in ts(aux1, start <- c(start_ano), freq = 12): 'ts' object must have one or more observations

!! ERROR in BETget when code = 21145: Error in ts(aux1, start <- c(start_ano), freq = 12): 'ts' object must have one or more observations

!! ERROR in BETget when code = 21146: Error in ts(aux1, start <- c(start_ano), freq = 12): 'ts' object must have one or more observations

!! ERROR in BETget when code = 21147: Error in ts(aux1, start <- c(start_ano), freq = 12): 'ts' object must have one or more observations

!! ERROR in BETget when code = 21148: Error in ts(aux1, start <- c(start_ano), freq = 12): 'ts' object must have one or more observations

!! ERROR in BETget when code = 21149: Error in ts(aux1, start <- c(start_ano), freq = 12): 'ts' object must have one or more observations

!! ERROR in BETget when code = 21150: Error in ts(aux1, start <- c(start_ano), freq = 12): 'ts' object must have one or more observations

!! ERROR in BETget when code = 21819: Error in if (g[i] == T) {: missing value where TRUE/FALSE needed

!! ERROR in BETget when code = 21823: Error in if (g[i] == T) {: missing value where TRUE/FALSE needed

!! ERROR in BETget when code = 21824: Error in if (g[i] == T) {: missing value where TRUE/FALSE needed

!! ERROR in BETget when code = 21825: Error in if (g[i] == T) {: missing value where TRUE/FALSE needed

!! ERROR in BETget when code = 21826: Error in if (g[i] == T) {: missing value where TRUE/FALSE needed

!! ERROR in BETget when code = 21827: Error in if (g[i] == T) {: missing value where TRUE/FALSE needed

!! ERROR in BETget when code = 21828: Error in if (g[i] == T) {: missing value where TRUE/FALSE needed

!! ERROR in BETget when code = 21839: Error in if (g[i] == T) {: missing value where TRUE/FALSE needed

!! ERROR in BETget when code = 21840: Error in if (g[i] == T) {: missing value where TRUE/FALSE needed

!! ERROR in BETget when code = 21841: Error in if (g[i] == T) {: missing value where TRUE/FALSE needed

!! ERROR in BETget when code = 21879: Error in if (g[i] == T) {: missing value where TRUE/FALSE needed

!! ERROR in BETget when code = 21880: Error in if (g[i] == T) {: missing value where TRUE/FALSE needed

!! ERROR in BETget when code = 21881: Error in if (g[i] == T) {: missing value where TRUE/FALSE needed

!! ERROR in BETget when code = 21882: Error in if (g[i] == T) {: missing value where TRUE/FALSE needed

!! ERROR in BETget when code = 21883: Error in if (g[i] == T) {: missing value where TRUE/FALSE needed

!! ERROR in BETget when code = 21884: Error in if (g[i] == T) {: missing value where TRUE/FALSE needed

!! ERROR in BETget when code = 21885: Error in if (g[i] == T) {: missing value where TRUE/FALSE needed

!! ERROR in BETget when code = 21886: Error in if (g[i] == T) {: missing value where TRUE/FALSE needed

!! ERROR in BETget when code = 21887: Error in if (g[i] == T) {: missing value where TRUE/FALSE needed

!! ERROR in BETget when code = 21888: Error in if (g[i] == T) {: missing value where TRUE/FALSE needed

!! ERROR in BETget when code = 21889: Error in if (g[i] == T) {: missing value where TRUE/FALSE needed

!! ERROR in BETget when code = 21901: Error in if (g[i] == T) {: missing value where TRUE/FALSE needed

!! ERROR in BETget when code = 21902: Error in if (g[i] == T) {: missing value where TRUE/FALSE needed

!! ERROR in BETget when code = 21903: Error in if (g[i] == T) {: missing value where TRUE/FALSE needed

!! ERROR in BETget when code = 21904: Error in if (g[i] == T) {: missing value where TRUE/FALSE needed

!! ERROR in BETget when code = 21905: Error in if (g[i] == T) {: missing value where TRUE/FALSE needed

!! ERROR in BETget when code = 21906: Error in if (g[i] == T) {: missing value where TRUE/FALSE needed

!! ERROR in BETget when code = 21907: Error in if (g[i] == T) {: missing value where TRUE/FALSE needed

!! ERROR in BETget when code = 22699: Error in if (g[i] == T) {: missing value where TRUE/FALSE needed

!! ERROR in BETget when code = 22700: Error in if (g[i] == T) {: missing value where TRUE/FALSE needed

!! ERROR in BETget when code = 11: Error in if (start > end) stop("'start' cannot be after 'end'"): missing value where TRUE/FALSE needed

!! ERROR in BETget when code = 1178: Error in if (start > end) stop("'start' cannot be after 'end'"): missing value where TRUE/FALSE needed

!! ERROR in BETget when code = 4389: Error in if (start > end) stop("'start' cannot be after 'end'"): missing value where TRUE/FALSE needed

!! ERROR in BETget when code = 22161: Error in ts(aux1, start <- c(start_ano, start_mes, start_day), freq = 365): 'ts' object must have one or more observations

!! ERROR in BETget when code = 228: Error in as.Date.default(sapply(aux$data, function(x) paste(substr(x, : c("do not know how to convert 'sapply(aux$data, function(x) paste(substr(x, 6, 9), paste0(0, ' to class “Date”", "do not know how to convert '    substr(x, 4, 4)), substr(x, 1, 2), sep = \"-\"))' to class “Date”")

!! ERROR in BETget when code = 1789: Error in as.Date.default(sapply(aux$data, function(x) paste(substr(x, : c("do not know how to convert 'sapply(aux$data, function(x) paste(substr(x, 6, 9), paste0(0, ' to class “Date”", "do not know how to convert '    substr(x, 4, 4)), substr(x, 1, 2), sep = \"-\"))' to class “Date”")

!! ERROR in BETget when code = 1791: Error in as.Date.default(sapply(aux$data, function(x) paste(substr(x, : c("do not know how to convert 'sapply(aux$data, function(x) paste(substr(x, 6, 9), paste0(0, ' to class “Date”", "do not know how to convert '    substr(x, 4, 4)), substr(x, 1, 2), sep = \"-\"))' to class “Date”")

!! ERROR in BETget when code = 1999: Error in ts(aux1, start <- c(start_ano), freq = 12): 'ts' object must have one or more observations

!! ERROR in BETget when code = 2000: Error in ts(aux1, start <- c(start_ano), freq = 12): 'ts' object must have one or more observations

!! ERROR in BETget when code = 2001: Error in ts(aux1, start <- c(start_ano), freq = 12): 'ts' object must have one or more observations

!! ERROR in BETget when code = 2003: Error in ts(aux1, start <- c(start_ano), freq = 12): 'ts' object must have one or more observations

!! ERROR in BETget when code = 2004: Error in ts(aux1, start <- c(start_ano), freq = 12): 'ts' object must have one or more observations

!! ERROR in BETget when code = 2005: Error in ts(aux1, start <- c(start_ano), freq = 12): 'ts' object must have one or more observations

!! ERROR in BETget when code = 2006: Error in ts(aux1, start <- c(start_ano), freq = 12): 'ts' object must have one or more observations

!! ERROR in BETget when code = 2008: Error in ts(aux1, start <- c(start_ano), freq = 12): 'ts' object must have one or more observations

!! ERROR in BETget when code = 2009: Error in ts(aux1, start <- c(start_ano), freq = 12): 'ts' object must have one or more observations

!! ERROR in BETget when code = 2010: Error in ts(aux1, start <- c(start_ano), freq = 12): 'ts' object must have one or more observations

!! ERROR in BETget when code = 2012: Error in ts(aux1, start <- c(start_ano), freq = 12): 'ts' object must have one or more observations

!! ERROR in BETget when code = 2013: Error in ts(aux1, start <- c(start_ano), freq = 12): 'ts' object must have one or more observations

!! ERROR in BETget when code = 2014: Error in ts(aux1, start <- c(start_ano), freq = 12): 'ts' object must have one or more observations

!! ERROR in BETget when code = 2015: Error in ts(aux1, start <- c(start_ano), freq = 12): 'ts' object must have one or more observations

!! ERROR in BETget when code = 2016: Error in ts(aux1, start <- c(start_ano), freq = 12): 'ts' object must have one or more observations

!! ERROR in BETget when code = 2017: Error in ts(aux1, start <- c(start_ano), freq = 12): 'ts' object must have one or more observations

!! ERROR in BETget when code = 2018: Error in ts(aux1, start <- c(start_ano), freq = 12): 'ts' object must have one or more observations

!! ERROR in BETget when code = 2019: Error in ts(aux1, start <- c(start_ano), freq = 12): 'ts' object must have one or more observations

!! ERROR in BETget when code = 2021: Error in ts(aux1, start <- c(start_ano), freq = 12): 'ts' object must have one or more observations

!! ERROR in BETget when code = 2025: Error in ts(aux1, start <- c(start_ano), freq = 12): 'ts' object must have one or more observations

!! ERROR in BETget when code = 2035: Error in ts(aux1, start <- c(start_ano), freq = 12): 'ts' object must have one or more observations

!! ERROR in BETget when code = 2036: Error in ts(aux1, start <- c(start_ano), freq = 12): 'ts' object must have one or more observations

!! ERROR in BETget when code = 2037: Error in ts(aux1, start <- c(start_ano), freq = 12): 'ts' object must have one or more observations

!! ERROR in BETget when code = 2039: Error in ts(aux1, start <- c(start_ano), freq = 12): 'ts' object must have one or more observations

!! ERROR in BETget when code = 2040: Error in ts(aux1, start <- c(start_ano), freq = 12): 'ts' object must have one or more observations

!! ERROR in BETget when code = 2041: Error in ts(aux1, start <- c(start_ano), freq = 12): 'ts' object must have one or more observations

!! ERROR in BETget when code = 2042: Error in ts(aux1, start <- c(start_ano), freq = 12): 'ts' object must have one or more observations

!! ERROR in BETget when code = 2044: Error in ts(aux1, start <- c(start_ano), freq = 12): 'ts' object must have one or more observations

!! ERROR in BETget when code = 2045: Error in ts(aux1, start <- c(start_ano), freq = 12): 'ts' object must have one or more observations

!! ERROR in BETget when code = 2046: Error in ts(aux1, start <- c(start_ano), freq = 12): 'ts' object must have one or more observations

!! ERROR in BETget when code = 2048: Error in ts(aux1, start <- c(start_ano), freq = 12): 'ts' object must have one or more observations

!! ERROR in BETget when code = 2049: Error in ts(aux1, start <- c(start_ano), freq = 12): 'ts' object must have one or more observations

!! ERROR in BETget when code = 2050: Error in ts(aux1, start <- c(start_ano), freq = 12): 'ts' object must have one or more observations

!! ERROR in BETget when code = 2051: Error in ts(aux1, start <- c(start_ano), freq = 12): 'ts' object must have one or more observations

!! ERROR in BETget when code = 2234: Error in ts(aux1, start <- c(start_ano), freq = 12): 'ts' object must have one or more observations

!! ERROR in BETget when code = 2235: Error in ts(aux1, start <- c(start_ano), freq = 12): 'ts' object must have one or more observations

!! ERROR in BETget when code = 2236: Error in ts(aux1, start <- c(start_ano), freq = 12): 'ts' object must have one or more observations

!! ERROR in BETget when code = 2237: Error in ts(aux1, start <- c(start_ano), freq = 12): 'ts' object must have one or more observations

!! ERROR in BETget when code = 2238: Error in ts(aux1, start <- c(start_ano), freq = 12): 'ts' object must have one or more observations

!! ERROR in BETget when code = 2239: Error in ts(aux1, start <- c(start_ano), freq = 12): 'ts' object must have one or more observations

!! ERROR in BETget when code = 2240: Error in ts(aux1, start <- c(start_ano), freq = 12): 'ts' object must have one or more observations

!! ERROR in BETget when code = 2241: Error in ts(aux1, start <- c(start_ano), freq = 12): 'ts' object must have one or more observations

!! ERROR in BETget when code = 2242: Error in ts(aux1, start <- c(start_ano), freq = 12): 'ts' object must have one or more observations

!! ERROR in BETget when code = 2243: Error in ts(aux1, start <- c(start_ano), freq = 12): 'ts' object must have one or more observations

!! ERROR in BETget when code = 2244: Error in ts(aux1, start <- c(start_ano), freq = 12): 'ts' object must have one or more observations

!! ERROR in BETget when code = 2245: Error in ts(aux1, start <- c(start_ano), freq = 12): 'ts' object must have one or more observations

!! ERROR in BETget when code = 2246: Error in ts(aux1, start <- c(start_ano), freq = 12): 'ts' object must have one or more observations

!! ERROR in BETget when code = 2247: Error in ts(aux1, start <- c(start_ano), freq = 12): 'ts' object must have one or more observations

!! ERROR in BETget when code = 2248: Error in ts(aux1, start <- c(start_ano), freq = 12): 'ts' object must have one or more observations

!! ERROR in BETget when code = 2249: Error in ts(aux1, start <- c(start_ano), freq = 12): 'ts' object must have one or more observations

!! ERROR in BETget when code = 2250: Error in ts(aux1, start <- c(start_ano), freq = 12): 'ts' object must have one or more observations

!! ERROR in BETget when code = 2251: Error in ts(aux1, start <- c(start_ano), freq = 12): 'ts' object must have one or more observations

!! ERROR in BETget when code = 2252: Error in ts(aux1, start <- c(start_ano), freq = 12): 'ts' object must have one or more observations

!! ERROR in BETget when code = 2253: Error in ts(aux1, start <- c(start_ano), freq = 12): 'ts' object must have one or more observations

!! ERROR in BETget when code = 2254: Error in ts(aux1, start <- c(start_ano), freq = 12): 'ts' object must have one or more observations

!! ERROR in BETget when code = 2255: Error in ts(aux1, start <- c(start_ano), freq = 12): 'ts' object must have one or more observations

!! ERROR in BETget when code = 2382: Error in ts(aux1, start <- c(start_ano), freq = 1): 'ts' object must have one or more observations

!! ERROR in BETget when code = 2383: Error in ts(aux1, start <- c(start_ano), freq = 1): 'ts' object must have one or more observations

!! ERROR in BETget when code = 2384: Error in ts(aux1, start <- c(start_ano), freq = 1): 'ts' object must have one or more observations

!! ERROR in BETget when code = 2393: Error in ts(aux1, start <- c(start_ano), freq = 1): 'ts' object must have one or more observations

!! ERROR in BETget when code = 2486: Error in ts(aux1, start <- c(start_ano), freq = 1): 'ts' object must have one or more observations

!! ERROR in BETget when code = 2488: Error in ts(aux1, start <- c(start_ano), freq = 1): 'ts' object must have one or more observations

!! ERROR in BETget when code = 2508: Error in ts(aux1, start <- c(start_ano), freq = 1): 'ts' object must have one or more observations

!! ERROR in BETget when code = 2509: Error in ts(aux1, start <- c(start_ano), freq = 1): 'ts' object must have one or more observations

!! ERROR in BETget when code = 2701: Error in if (g[i] == T) {: missing value where TRUE/FALSE needed

!! ERROR in BETget when code = 2703: Error in if (g[i] == T) {: missing value where TRUE/FALSE needed

!! ERROR in BETget when code = 2723: Error in if (g[i] == T) {: missing value where TRUE/FALSE needed

!! ERROR in BETget when code = 2724: Error in if (g[i] == T) {: missing value where TRUE/FALSE needed

!! ERROR in BETget when code = 2801: Error in ts(aux1, start <- c(start_ano), freq = 12): 'ts' object must have one or more observations

!! ERROR in BETget when code = 2802: Error in ts(aux1, start <- c(start_ano), freq = 12): 'ts' object must have one or more observations

!! ERROR in BETget when code = 2804: Error in ts(aux1, start <- c(start_ano), freq = 12): 'ts' object must have one or more observations

!! ERROR in BETget when code = 2805: Error in ts(aux1, start <- c(start_ano), freq = 12): 'ts' object must have one or more observations

!! ERROR in BETget when code = 2806: Error in ts(aux1, start <- c(start_ano), freq = 12): 'ts' object must have one or more observations

!! ERROR in BETget when code = 2807: Error in ts(aux1, start <- c(start_ano), freq = 12): 'ts' object must have one or more observations

!! ERROR in BETget when code = 2808: Error in ts(aux1, start <- c(start_ano), freq = 12): 'ts' object must have one or more observations

!! ERROR in BETget when code = 2809: Error in ts(aux1, start <- c(start_ano), freq = 12): 'ts' object must have one or more observations

!! ERROR in BETget when code = 2810: Error in ts(aux1, start <- c(start_ano), freq = 12): 'ts' object must have one or more observations

!! ERROR in BETget when code = 2811: Error in ts(aux1, start <- c(start_ano), freq = 12): 'ts' object must have one or more observations

!! ERROR in BETget when code = 2815: Error in ts(aux1, start <- c(start_ano), freq = 12): 'ts' object must have one or more observations

!! ERROR in BETget when code = 2816: Error in ts(aux1, start <- c(start_ano), freq = 12): 'ts' object must have one or more observations

!! ERROR in BETget when code = 2817: Error in ts(aux1, start <- c(start_ano), freq = 12): 'ts' object must have one or more observations

!! ERROR in BETget when code = 2818: Error in ts(aux1, start <- c(start_ano), freq = 12): 'ts' object must have one or more observations

!! ERROR in BETget when code = 2819: Error in ts(aux1, start <- c(start_ano), freq = 12): 'ts' object must have one or more observations

!! ERROR in BETget when code = 2820: Error in ts(aux1, start <- c(start_ano), freq = 12): 'ts' object must have one or more observations

!! ERROR in BETget when code = 2821: Error in ts(aux1, start <- c(start_ano), freq = 12): 'ts' object must have one or more observations

!! ERROR in BETget when code = 2822: Error in ts(aux1, start <- c(start_ano), freq = 12): 'ts' object must have one or more observations

!! ERROR in BETget when code = 2823: Error in ts(aux1, start <- c(start_ano), freq = 12): 'ts' object must have one or more observations

!! ERROR in BETget when code = 2824: Error in ts(aux1, start <- c(start_ano), freq = 12): 'ts' object must have one or more observations

!! ERROR in BETget when code = 2825: Error in ts(aux1, start <- c(start_ano), freq = 12): 'ts' object must have one or more observations

!! ERROR in BETget when code = 2826: Error in ts(aux1, start <- c(start_ano), freq = 12): 'ts' object must have one or more observations

!! ERROR in BETget when code = 2827: Error in ts(aux1, start <- c(start_ano), freq = 12): 'ts' object must have one or more observations

!! ERROR in BETget when code = 2828: Error in ts(aux1, start <- c(start_ano), freq = 12): 'ts' object must have one or more observations

!! ERROR in BETget when code = 2829: Error in ts(aux1, start <- c(start_ano), freq = 12): 'ts' object must have one or more observations

!! ERROR in BETget when code = 2830: Error in ts(aux1, start <- c(start_ano), freq = 12): 'ts' object must have one or more observations

!! ERROR in BETget when code = 2831: Error in ts(aux1, start <- c(start_ano), freq = 12): 'ts' object must have one or more observations

!! ERROR in BETget when code = 2832: Error in ts(aux1, start <- c(start_ano), freq = 12): 'ts' object must have one or more observations

!! ERROR in BETget when code = 2833: Error in ts(aux1, start <- c(start_ano), freq = 12): 'ts' object must have one or more observations

!! ERROR in BETget when code = 2834: Error in ts(aux1, start <- c(start_ano), freq = 12): 'ts' object must have one or more observations

!! ERROR in BETget when code = 2916: Error in ts(aux1, start <- c(start_ano), freq = 12): 'ts' object must have one or more observations

!! ERROR in BETget when code = 2918: Error in ts(aux1, start <- c(start_ano), freq = 12): 'ts' object must have one or more observations

!! ERROR in BETget when code = 2919: Error in ts(aux1, start <- c(start_ano), freq = 12): 'ts' object must have one or more observations

!! ERROR in BETget when code = 2921: Error in ts(aux1, start <- c(start_ano), freq = 12): 'ts' object must have one or more observations

!! ERROR in BETget when code = 2928: Error in ts(aux1, start <- c(start_ano), freq = 12): 'ts' object must have one or more observations

!! ERROR in BETget when code = 2929: Error in ts(aux1, start <- c(start_ano), freq = 12): 'ts' object must have one or more observations

!! ERROR in BETget when code = 2930: Error in ts(aux1, start <- c(start_ano), freq = 12): 'ts' object must have one or more observations

!! ERROR in BETget when code = 2938: Error in ts(aux1, start <- c(start_ano), freq = 12): 'ts' object must have one or more observations

!! ERROR in BETget when code = 2939: Error in ts(aux1, start <- c(start_ano), freq = 12): 'ts' object must have one or more observations

!! ERROR in BETget when code = 3562: Error in if (g[i] == T) {: missing value where TRUE/FALSE needed

!! ERROR in BETget when code = 3563: Error in if (g[i] == T) {: missing value where TRUE/FALSE needed

!! ERROR in BETget when code = 3568: Error in if (g[i] == T) {: missing value where TRUE/FALSE needed

!! ERROR in BETget when code = 3569: Error in if (g[i] == T) {: missing value where TRUE/FALSE needed

!! ERROR in BETget when code = 3570: Error in if (g[i] == T) {: missing value where TRUE/FALSE needed

!! ERROR in BETget when code = 3571: Error in if (g[i] == T) {: missing value where TRUE/FALSE needed

!! ERROR in BETget when code = 3584: Error in if (g[i] == T) {: missing value where TRUE/FALSE needed

!! ERROR in BETget when code = 3585: Error in if (g[i] == T) {: missing value where TRUE/FALSE needed

!! ERROR in BETget when code = 3586: Error in if (g[i] == T) {: missing value where TRUE/FALSE needed

!! ERROR in BETget when code = 3587: Error in if (g[i] == T) {: missing value where TRUE/FALSE needed

!! ERROR in BETget when code = 3588: Error in if (g[i] == T) {: missing value where TRUE/FALSE needed

!! ERROR in BETget when code = 3589: Error in if (g[i] == T) {: missing value where TRUE/FALSE needed

!! ERROR in BETget when code = 3590: Error in if (g[i] == T) {: missing value where TRUE/FALSE needed

!! ERROR in BETget when code = 3591: Error in if (g[i] == T) {: missing value where TRUE/FALSE needed

!! ERROR in BETget when code = 3592: Error in if (g[i] == T) {: missing value where TRUE/FALSE needed

!! ERROR in BETget when code = 3593: Error in if (g[i] == T) {: missing value where TRUE/FALSE needed

!! ERROR in BETget when code = 3594: Error in if (g[i] == T) {: missing value where TRUE/FALSE needed

!! ERROR in BETget when code = 3595: Error in if (g[i] == T) {: missing value where TRUE/FALSE needed

!! ERROR in BETget when code = 3608: Error in if (g[i] == T) {: missing value where TRUE/FALSE needed

!! ERROR in BETget when code = 3609: Error in if (g[i] == T) {: missing value where TRUE/FALSE needed

!! ERROR in BETget when code = 3610: Error in if (g[i] == T) {: missing value where TRUE/FALSE needed

!! ERROR in BETget when code = 3611: Error in if (g[i] == T) {: missing value where TRUE/FALSE needed

!! ERROR in BETget when code = 3612: Error in if (g[i] == T) {: missing value where TRUE/FALSE needed

!! ERROR in BETget when code = 3613: Error in if (g[i] == T) {: missing value where TRUE/FALSE needed

!! ERROR in BETget when code = 3614: Error in if (g[i] == T) {: missing value where TRUE/FALSE needed

!! ERROR in BETget when code = 3615: Error in if (g[i] == T) {: missing value where TRUE/FALSE needed

!! ERROR in BETget when code = 3616: Error in if (g[i] == T) {: missing value where TRUE/FALSE needed

!! ERROR in BETget when code = 3617: Error in if (g[i] == T) {: missing value where TRUE/FALSE needed

!! ERROR in BETget when code = 3618: Error in if (g[i] == T) {: missing value where TRUE/FALSE needed

!! ERROR in BETget when code = 3619: Error in if (g[i] == T) {: missing value where TRUE/FALSE needed

!! ERROR in BETget when code = 3648: Error in if (g[i] == T) {: missing value where TRUE/FALSE needed

!! ERROR in BETget when code = 3649: Error in if (g[i] == T) {: missing value where TRUE/FALSE needed

!! ERROR in BETget when code = 3650: Error in if (g[i] == T) {: missing value where TRUE/FALSE needed

!! ERROR in BETget when code = 3651: Error in if (g[i] == T) {: missing value where TRUE/FALSE needed

!! ERROR in BETget when code = 3652: Error in if (g[i] == T) {: missing value where TRUE/FALSE needed

!! ERROR in BETget when code = 3653: Error in if (g[i] == T) {: missing value where TRUE/FALSE needed

!! ERROR in BETget when code = 3654: Error in if (g[i] == T) {: missing value where TRUE/FALSE needed

!! ERROR in BETget when code = 3655: Error in if (g[i] == T) {: missing value where TRUE/FALSE needed

!! ERROR in BETget when code = 3656: Error in if (g[i] == T) {: missing value where TRUE/FALSE needed

!! ERROR in BETget when code = 3657: Error in if (g[i] == T) {: missing value where TRUE/FALSE needed

!! ERROR in BETget when code = 3658: Error in if (g[i] == T) {: missing value where TRUE/FALSE needed

!! ERROR in BETget when code = 3659: Error in if (g[i] == T) {: missing value where TRUE/FALSE needed

!! ERROR in BETget when code = 3660: Error in if (g[i] == T) {: missing value where TRUE/FALSE needed

!! ERROR in BETget when code = 3661: Error in if (g[i] == T) {: missing value where TRUE/FALSE needed

!! ERROR in BETget when code = 3662: Error in if (g[i] == T) {: missing value where TRUE/FALSE needed

!! ERROR in BETget when code = 3663: Error in if (g[i] == T) {: missing value where TRUE/FALSE needed

!! ERROR in BETget when code = 3664: Error in if (g[i] == T) {: missing value where TRUE/FALSE needed

!! ERROR in BETget when code = 3665: Error in if (g[i] == T) {: missing value where TRUE/FALSE needed

!! ERROR in BETget when code = 3666: Error in if (g[i] == T) {: missing value where TRUE/FALSE needed

!! ERROR in BETget when code = 3667: Error in if (g[i] == T) {: missing value where TRUE/FALSE needed

!! ERROR in BETget when code = 3668: Error in if (g[i] == T) {: missing value where TRUE/FALSE needed

!! ERROR in BETget when code = 3669: Error in if (g[i] == T) {: missing value where TRUE/FALSE needed

!! ERROR in BETget when code = 3670: Error in if (g[i] == T) {: missing value where TRUE/FALSE needed

!! ERROR in BETget when code = 3671: Error in if (g[i] == T) {: missing value where TRUE/FALSE needed

!! ERROR in BETget when code = 3672: Error in if (g[i] == T) {: missing value where TRUE/FALSE needed

!! ERROR in BETget when code = 3673: Error in if (g[i] == T) {: missing value where TRUE/FALSE needed

!! ERROR in BETget when code = 3674: Error in if (g[i] == T) {: missing value where TRUE/FALSE needed

!! ERROR in BETget when code = 3675: Error in if (g[i] == T) {: missing value where TRUE/FALSE needed

!! ERROR in BETget when code = 3684: Error in if (g[i] == T) {: missing value where TRUE/FALSE needed

!! ERROR in BETget when code = 3685: Error in if (g[i] == T) {: missing value where TRUE/FALSE needed

!! ERROR in BETget when code = 3690: Error in ts(aux1, start <- c(start_ano), freq = 1): 'ts' object must have one or more observations

!! ERROR in BETget when code = 4173: Error in ts(aux1, start <- c(start_ano), freq = 12): 'ts' object must have one or more observations

!! ERROR in BETget when code = 4174: Error in ts(aux1, start <- c(start_ano), freq = 12): 'ts' object must have one or more observations

!! ERROR in BETget when code = 4175: Error in ts(aux1, start <- c(start_ano), freq = 12): 'ts' object must have one or more observations

!! ERROR in BETget when code = 4176: Error in ts(aux1, start <- c(start_ano), freq = 12): 'ts' object must have one or more observations

!! ERROR in BETget when code = 4177: Error in ts(aux1, start <- c(start_ano), freq = 12): 'ts' object must have one or more observations

!! ERROR in BETget when code = 4178: Error in ts(aux1, start <- c(start_ano), freq = 12): 'ts' object must have one or more observations

!! ERROR in BETget when code = 4179: Error in ts(aux1, start <- c(start_ano), freq = 12): 'ts' object must have one or more observations

!! ERROR in BETget when code = 4180: Error in ts(aux1, start <- c(start_ano), freq = 12): 'ts' object must have one or more observations

!! ERROR in BETget when code = 4190: Error in ts(aux1, start <- c(start_ano), freq = 12): 'ts' object must have one or more observations

!! ERROR in BETget when code = 4191: Error in ts(aux1, start <- c(start_ano), freq = 12): 'ts' object must have one or more observations

!! ERROR in BETget when code = 4383: Error in ts(aux1, start <- c(start_ano), freq = 12): 'ts' object must have one or more observations

!! ERROR in BETget when code = 4384: Error in ts(aux1, start <- c(start_ano), freq = 12): 'ts' object must have one or more observations

!! ERROR in BETget when code = 4425: Error in ts(aux1, start <- c(start_ano), freq = 12): 'ts' object must have one or more observations

!! ERROR in BETget when code = 4426: Error in ts(aux1, start <- c(start_ano), freq = 12): 'ts' object must have one or more observations

!! ERROR in BETget when code = 4431: Error in ts(aux1, start <- c(start_ano), freq = 12): 'ts' object must have one or more observations

!! ERROR in BETget when code = 4432: Error in ts(aux1, start <- c(start_ano), freq = 12): 'ts' object must have one or more observations

!! ERROR in BETget when code = 4441: Error in ts(aux1, start <- c(start_ano), freq = 12): 'ts' object must have one or more observations

!! ERROR in BETget when code = 4442: Error in ts(aux1, start <- c(start_ano), freq = 12): 'ts' object must have one or more observations

!! ERROR in BETget when code = 4443: Error in ts(aux1, start <- c(start_ano), freq = 12): 'ts' object must have one or more observations

!! ERROR in BETget when code = 4444: Error in ts(aux1, start <- c(start_ano), freq = 12): 'ts' object must have one or more observations

!! ERROR in BETget when code = 4445: Error in ts(aux1, start <- c(start_ano), freq = 12): 'ts' object must have one or more observations

!! ERROR in BETget when code = 4446: Error in ts(aux1, start <- c(start_ano), freq = 12): 'ts' object must have one or more observations

